<?xml version="1.0" encoding="UTF-8"?>
<!-- Generated by org.testng.reporters.JUnitXMLReporter -->
<testsuite ignored="3" hostname="LAPTOP-OITAHU7F" failures="0" tests="3" name="Default test" time="17.224" errors="0" timestamp="2023-03-10T08:40:21 IST">
  <testcase classname="testCases.RegisterPageTests" name="verifyUserRegistration" time="1.627"/>
  <testcase classname="testCases.RegisterPageTests" name="verifyUserRegistration" time="2.318"/>
  <testcase classname="testCases.RegisterPageTests" name="verifyUserRegistration" time="2.514"/>
  <testcase classname="testCases.RegisterPageTests" name="verifyRegisterPageHeaderText" time="0.0">
    <ignored/>
  </testcase> <!-- verifyRegisterPageHeaderText -->
  <testcase classname="testCases.RegisterPageTests" name="verifyRegisterPageHeaderExist" time="0.0">
    <ignored/>
  </testcase> <!-- verifyRegisterPageHeaderExist -->
  <testcase classname="testCases.RegisterPageTests" name="verifyRegisterPageTitle" time="0.0">
    <ignored/>
  </testcase> <!-- verifyRegisterPageTitle -->
</testsuite> <!-- Default test -->
