<?xml version="1.0" encoding="UTF-8"?>
<!-- Generated by org.testng.reporters.JUnitXMLReporter -->
<testsuite ignored="11" hostname="LAPTOP-OITAHU7F" failures="0" tests="1" name="Default test" time="4.442" errors="0" timestamp="2023-03-08T08:58:57 IST">
  <testcase classname="testCases.LoginPageTests" name="verifyLoginWithValidUsernameAndInvalidPassword" time="1.128"/>
  <testcase classname="testCases.LoginPageTests" name="verifyUsernameTextBoxExist" time="0.0">
    <ignored/>
  </testcase> <!-- verifyUsernameTextBoxExist -->
  <testcase classname="testCases.LoginPageTests" name="verifyForgetPasswordLinkExist" time="0.0">
    <ignored/>
  </testcase> <!-- verifyForgetPasswordLinkExist -->
  <testcase classname="testCases.LoginPageTests" name="verifyReturningCustomerHeader" time="0.0">
    <ignored/>
  </testcase> <!-- verifyReturningCustomerHeader -->
  <testcase classname="testCases.LoginPageTests" name="verifyNewCustomerHeader" time="0.0">
    <ignored/>
  </testcase> <!-- verifyNewCustomerHeader -->
  <testcase classname="testCases.LoginPageTests" name="verifyLoginButtonExist" time="0.0">
    <ignored/>
  </testcase> <!-- verifyLoginButtonExist -->
  <testcase classname="testCases.LoginPageTests" name="verifyEmailidLabel" time="0.0">
    <ignored/>
  </testcase> <!-- verifyEmailidLabel -->
  <testcase classname="testCases.LoginPageTests" name="verifySuccesfulLoginWithValidUsernameAndValidPassword" time="0.0">
    <ignored/>
  </testcase> <!-- verifySuccesfulLoginWithValidUsernameAndValidPassword -->
  <testcase classname="testCases.LoginPageTests" name="verifypasswordTextBoxExist" time="0.0">
    <ignored/>
  </testcase> <!-- verifypasswordTextBoxExist -->
  <testcase classname="testCases.LoginPageTests" name="verifyContinueButton" time="0.0">
    <ignored/>
  </testcase> <!-- verifyContinueButton -->
  <testcase classname="testCases.LoginPageTests" name="verifyPasswordLabel" time="0.0">
    <ignored/>
  </testcase> <!-- verifyPasswordLabel -->
  <testcase classname="testCases.LoginPageTests" name="verifyLoginPageTitleTest" time="0.0">
    <ignored/>
  </testcase> <!-- verifyLoginPageTitleTest -->
</testsuite> <!-- Default test -->
