<?xml version="1.0" encoding="UTF-8"?>
<!-- Generated by org.testng.reporters.JUnitXMLReporter -->
<testsuite ignored="3" hostname="LAPTOP-OITAHU7F" failures="0" tests="3" name="HomeLoginAndRegisterTests(failed)" time="15.457" errors="0" timestamp="2023-03-14T08:17:00 IST">
  <testcase classname="testCases.RegisterPageTests" name="verifyUserRegistration" time="1.504"/>
  <testcase classname="testCases.RegisterPageTests" name="verifyUserRegistration" time="1.411"/>
  <testcase classname="testCases.RegisterPageTests" name="verifyUserRegistration" time="1.53"/>
  <testcase classname="testCases.RegisterPageTests" name="verifyRegisterPageHeaderText" time="0.0">
    <ignored/>
  </testcase> <!-- verifyRegisterPageHeaderText -->
  <testcase classname="testCases.RegisterPageTests" name="verifyRegisterPageHeaderExist" time="0.0">
    <ignored/>
  </testcase> <!-- verifyRegisterPageHeaderExist -->
  <testcase classname="testCases.RegisterPageTests" name="verifyRegisterPageTitle" time="0.0">
    <ignored/>
  </testcase> <!-- verifyRegisterPageTitle -->
</testsuite> <!-- HomeLoginAndRegisterTests(failed) -->
