<?xml version="1.0" encoding="UTF-8"?>
<testng-results ignored="0" total="24" passed="24" failed="0" skipped="0">
  <reporter-output>
  </reporter-output>
  <suite started-at="2023-03-14T08:43:50 IST" name="Regression test" finished-at="2023-03-14T08:44:54 IST" duration-ms="63766">
    <groups>
    </groups>
    <test started-at="2023-03-14T08:43:50 IST" name="HomeLoginAndRegisterTests" finished-at="2023-03-14T08:44:54 IST" duration-ms="63766">
      <class name="testCases.HomePageTests">
        <test-method is-config="true" signature="doSetUp()[pri:0, instance:testCases.HomePageTests@338c99c8]" started-at="2023-03-14T08:43:50 IST" name="doSetUp" finished-at="2023-03-14T08:43:58 IST" duration-ms="8262" status="PASS">
          <reporter-output>
          </reporter-output>
        </test-method> <!-- doSetUp -->
        <test-method signature="verifyIsLoginOptionDisplay()[pri:0, instance:testCases.HomePageTests@338c99c8]" started-at="2023-03-14T08:43:58 IST" name="verifyIsLoginOptionDisplay" finished-at="2023-03-14T08:43:59 IST" duration-ms="561" status="PASS">
          <reporter-output>
          </reporter-output>
        </test-method> <!-- verifyIsLoginOptionDisplay -->
        <test-method is-config="true" signature="tearDown()[pri:0, instance:testCases.HomePageTests@338c99c8]" started-at="2023-03-14T08:43:59 IST" name="tearDown" finished-at="2023-03-14T08:43:59 IST" duration-ms="583" status="PASS">
          <reporter-output>
          </reporter-output>
        </test-method> <!-- tearDown -->
        <test-method is-config="true" signature="doSetUp()[pri:0, instance:testCases.HomePageTests@338c99c8]" started-at="2023-03-14T08:43:59 IST" name="doSetUp" finished-at="2023-03-14T08:44:05 IST" duration-ms="5039" status="PASS">
          <reporter-output>
          </reporter-output>
        </test-method> <!-- doSetUp -->
        <test-method signature="verifyIsMyaAccountDisplayed()[pri:0, instance:testCases.HomePageTests@338c99c8]" started-at="2023-03-14T08:44:05 IST" name="verifyIsMyaAccountDisplayed" finished-at="2023-03-14T08:44:05 IST" duration-ms="422" status="PASS">
          <reporter-output>
          </reporter-output>
        </test-method> <!-- verifyIsMyaAccountDisplayed -->
        <test-method is-config="true" signature="tearDown()[pri:0, instance:testCases.HomePageTests@338c99c8]" started-at="2023-03-14T08:44:05 IST" name="tearDown" finished-at="2023-03-14T08:44:06 IST" duration-ms="976" status="PASS">
          <reporter-output>
          </reporter-output>
        </test-method> <!-- tearDown -->
        <test-method is-config="true" signature="doSetUp()[pri:0, instance:testCases.HomePageTests@338c99c8]" started-at="2023-03-14T08:44:06 IST" name="doSetUp" finished-at="2023-03-14T08:44:11 IST" duration-ms="5176" status="PASS">
          <reporter-output>
          </reporter-output>
        </test-method> <!-- doSetUp -->
        <test-method signature="verifyPageTitleTest()[pri:0, instance:testCases.HomePageTests@338c99c8]" started-at="2023-03-14T08:44:11 IST" name="verifyPageTitleTest" finished-at="2023-03-14T08:44:11 IST" duration-ms="40" status="PASS">
          <reporter-output>
          </reporter-output>
        </test-method> <!-- verifyPageTitleTest -->
        <test-method is-config="true" signature="tearDown()[pri:0, instance:testCases.HomePageTests@338c99c8]" started-at="2023-03-14T08:44:11 IST" name="tearDown" finished-at="2023-03-14T08:44:13 IST" duration-ms="1631" status="PASS">
          <reporter-output>
          </reporter-output>
        </test-method> <!-- tearDown -->
        <test-method is-config="true" signature="doSetUp()[pri:0, instance:testCases.HomePageTests@338c99c8]" started-at="2023-03-14T08:44:13 IST" name="doSetUp" finished-at="2023-03-14T08:44:18 IST" duration-ms="5008" status="PASS">
          <reporter-output>
          </reporter-output>
        </test-method> <!-- doSetUp -->
        <test-method signature="verifyRegisterOptionIsDisplay()[pri:0, instance:testCases.HomePageTests@338c99c8]" started-at="2023-03-14T08:44:18 IST" name="verifyRegisterOptionIsDisplay" finished-at="2023-03-14T08:44:18 IST" duration-ms="490" status="PASS">
          <reporter-output>
          </reporter-output>
        </test-method> <!-- verifyRegisterOptionIsDisplay -->
        <test-method is-config="true" signature="tearDown()[pri:0, instance:testCases.HomePageTests@338c99c8]" started-at="2023-03-14T08:44:18 IST" name="tearDown" finished-at="2023-03-14T08:44:19 IST" duration-ms="755" status="PASS">
          <reporter-output>
          </reporter-output>
        </test-method> <!-- tearDown -->
        <test-method is-config="true" signature="doSetUp()[pri:0, instance:testCases.HomePageTests@338c99c8]" started-at="2023-03-14T08:44:19 IST" name="doSetUp" finished-at="2023-03-14T08:44:23 IST" duration-ms="3655" status="PASS">
          <reporter-output>
          </reporter-output>
        </test-method> <!-- doSetUp -->
        <test-method signature="verifySearchBoxIsDisplay()[pri:0, instance:testCases.HomePageTests@338c99c8]" started-at="2023-03-14T08:44:23 IST" name="verifySearchBoxIsDisplay" finished-at="2023-03-14T08:44:23 IST" duration-ms="104" status="PASS">
          <reporter-output>
          </reporter-output>
        </test-method> <!-- verifySearchBoxIsDisplay -->
        <test-method is-config="true" signature="tearDown()[pri:0, instance:testCases.HomePageTests@338c99c8]" started-at="2023-03-14T08:44:23 IST" name="tearDown" finished-at="2023-03-14T08:44:23 IST" duration-ms="594" status="PASS">
          <reporter-output>
          </reporter-output>
        </test-method> <!-- tearDown -->
        <test-method is-config="true" signature="doSetUp()[pri:0, instance:testCases.HomePageTests@338c99c8]" started-at="2023-03-14T08:44:23 IST" name="doSetUp" finished-at="2023-03-14T08:44:27 IST" duration-ms="4102" status="PASS">
          <reporter-output>
          </reporter-output>
        </test-method> <!-- doSetUp -->
        <test-method signature="verifySearchButtonIsDisplayed()[pri:0, instance:testCases.HomePageTests@338c99c8]" started-at="2023-03-14T08:44:27 IST" name="verifySearchButtonIsDisplayed" finished-at="2023-03-14T08:44:28 IST" duration-ms="218" status="PASS">
          <reporter-output>
          </reporter-output>
        </test-method> <!-- verifySearchButtonIsDisplayed -->
        <test-method is-config="true" signature="tearDown()[pri:0, instance:testCases.HomePageTests@338c99c8]" started-at="2023-03-14T08:44:28 IST" name="tearDown" finished-at="2023-03-14T08:44:28 IST" duration-ms="709" status="PASS">
          <reporter-output>
          </reporter-output>
        </test-method> <!-- tearDown -->
      </class> <!-- testCases.HomePageTests -->
      <class name="testCases.RegisterPageTests">
        <test-method is-config="true" signature="doSetUp()[pri:0, instance:testCases.RegisterPageTests@44d52de2]" started-at="2023-03-14T08:43:50 IST" name="doSetUp" finished-at="2023-03-14T08:43:58 IST" duration-ms="8263" status="PASS">
          <reporter-output>
          </reporter-output>
        </test-method> <!-- doSetUp -->
        <test-method signature="verifyRegisterPageHeaderExist()[pri:0, instance:testCases.RegisterPageTests@44d52de2]" started-at="2023-03-14T08:43:58 IST" name="verifyRegisterPageHeaderExist" finished-at="2023-03-14T08:44:00 IST" duration-ms="1330" status="PASS">
          <reporter-output>
          </reporter-output>
        </test-method> <!-- verifyRegisterPageHeaderExist -->
        <test-method is-config="true" signature="tearDown()[pri:0, instance:testCases.RegisterPageTests@44d52de2]" started-at="2023-03-14T08:44:00 IST" name="tearDown" finished-at="2023-03-14T08:44:00 IST" duration-ms="602" status="PASS">
          <reporter-output>
          </reporter-output>
        </test-method> <!-- tearDown -->
        <test-method is-config="true" signature="doSetUp()[pri:0, instance:testCases.RegisterPageTests@44d52de2]" started-at="2023-03-14T08:44:00 IST" name="doSetUp" finished-at="2023-03-14T08:44:05 IST" duration-ms="5014" status="PASS">
          <reporter-output>
          </reporter-output>
        </test-method> <!-- doSetUp -->
        <test-method signature="verifyRegisterPageHeaderText()[pri:0, instance:testCases.RegisterPageTests@44d52de2]" started-at="2023-03-14T08:44:05 IST" name="verifyRegisterPageHeaderText" finished-at="2023-03-14T08:44:07 IST" duration-ms="1383" status="PASS">
          <reporter-output>
          </reporter-output>
        </test-method> <!-- verifyRegisterPageHeaderText -->
        <test-method is-config="true" signature="tearDown()[pri:0, instance:testCases.RegisterPageTests@44d52de2]" started-at="2023-03-14T08:44:07 IST" name="tearDown" finished-at="2023-03-14T08:44:07 IST" duration-ms="316" status="PASS">
          <reporter-output>
          </reporter-output>
        </test-method> <!-- tearDown -->
        <test-method is-config="true" signature="doSetUp()[pri:0, instance:testCases.RegisterPageTests@44d52de2]" started-at="2023-03-14T08:44:07 IST" name="doSetUp" finished-at="2023-03-14T08:44:12 IST" duration-ms="4728" status="PASS">
          <reporter-output>
          </reporter-output>
        </test-method> <!-- doSetUp -->
        <test-method signature="verifyRegisterPageTitle()[pri:0, instance:testCases.RegisterPageTests@44d52de2]" started-at="2023-03-14T08:44:12 IST" name="verifyRegisterPageTitle" finished-at="2023-03-14T08:44:13 IST" duration-ms="1215" status="PASS">
          <reporter-output>
          </reporter-output>
        </test-method> <!-- verifyRegisterPageTitle -->
        <test-method is-config="true" signature="tearDown()[pri:0, instance:testCases.RegisterPageTests@44d52de2]" started-at="2023-03-14T08:44:13 IST" name="tearDown" finished-at="2023-03-14T08:44:13 IST" duration-ms="443" status="PASS">
          <reporter-output>
          </reporter-output>
        </test-method> <!-- tearDown -->
        <test-method is-config="true" signature="doSetUp()[pri:0, instance:testCases.RegisterPageTests@44d52de2]" started-at="2023-03-14T08:44:15 IST" name="doSetUp" finished-at="2023-03-14T08:44:20 IST" duration-ms="4432" status="PASS">
          <reporter-output>
          </reporter-output>
        </test-method> <!-- doSetUp -->
        <test-method signature="verifyUserRegistration(java.lang.String,java.lang.String,java.lang.String,java.lang.String,java.lang.String,java.lang.String)[pri:0, instance:testCases.RegisterPageTests@44d52de2]" started-at="2023-03-14T08:44:20 IST" name="verifyUserRegistration" data-provider="getTestData" finished-at="2023-03-14T08:44:24 IST" duration-ms="4823" status="PASS">
          <params>
            <param index="0">
              <value>
                <![CDATA[Mahesh]]>
              </value>
            </param>
            <param index="1">
              <value>
                <![CDATA[K]]>
              </value>
            </param>
            <param index="2">
              <value>
                <![CDATA[maheshk4561789@abc.com]]>
              </value>
            </param>
            <param index="3">
              <value>
                <![CDATA[8.989898989E9]]>
              </value>
            </param>
            <param index="4">
              <value>
                <![CDATA[Test@123]]>
              </value>
            </param>
            <param index="5">
              <value>
                <![CDATA[Yes]]>
              </value>
            </param>
          </params>
          <reporter-output>
          </reporter-output>
        </test-method> <!-- verifyUserRegistration -->
        <test-method is-config="true" signature="tearDown()[pri:0, instance:testCases.RegisterPageTests@44d52de2]" started-at="2023-03-14T08:44:24 IST" name="tearDown" finished-at="2023-03-14T08:44:25 IST" duration-ms="906" status="PASS">
          <reporter-output>
          </reporter-output>
        </test-method> <!-- tearDown -->
        <test-method is-config="true" signature="doSetUp()[pri:0, instance:testCases.RegisterPageTests@44d52de2]" started-at="2023-03-14T08:44:25 IST" name="doSetUp" finished-at="2023-03-14T08:44:30 IST" duration-ms="4482" status="PASS">
          <reporter-output>
          </reporter-output>
        </test-method> <!-- doSetUp -->
        <test-method signature="verifyUserRegistration(java.lang.String,java.lang.String,java.lang.String,java.lang.String,java.lang.String,java.lang.String)[pri:0, instance:testCases.RegisterPageTests@44d52de2]" started-at="2023-03-14T08:44:30 IST" name="verifyUserRegistration" data-provider="getTestData" finished-at="2023-03-14T08:44:33 IST" duration-ms="3623" status="PASS">
          <params>
            <param index="0">
              <value>
                <![CDATA[Nelson]]>
              </value>
            </param>
            <param index="1">
              <value>
                <![CDATA[jon]]>
              </value>
            </param>
            <param index="2">
              <value>
                <![CDATA[nelsonjon4516789@abc.com]]>
              </value>
            </param>
            <param index="3">
              <value>
                <![CDATA[7.878787878E9]]>
              </value>
            </param>
            <param index="4">
              <value>
                <![CDATA[Test@123]]>
              </value>
            </param>
            <param index="5">
              <value>
                <![CDATA[No]]>
              </value>
            </param>
          </params>
          <reporter-output>
          </reporter-output>
        </test-method> <!-- verifyUserRegistration -->
        <test-method is-config="true" signature="tearDown()[pri:0, instance:testCases.RegisterPageTests@44d52de2]" started-at="2023-03-14T08:44:33 IST" name="tearDown" finished-at="2023-03-14T08:44:34 IST" duration-ms="327" status="PASS">
          <reporter-output>
          </reporter-output>
        </test-method> <!-- tearDown -->
        <test-method is-config="true" signature="doSetUp()[pri:0, instance:testCases.RegisterPageTests@44d52de2]" started-at="2023-03-14T08:44:34 IST" name="doSetUp" finished-at="2023-03-14T08:44:37 IST" duration-ms="3135" status="PASS">
          <reporter-output>
          </reporter-output>
        </test-method> <!-- doSetUp -->
        <test-method signature="verifyUserRegistration(java.lang.String,java.lang.String,java.lang.String,java.lang.String,java.lang.String,java.lang.String)[pri:0, instance:testCases.RegisterPageTests@44d52de2]" started-at="2023-03-14T08:44:37 IST" name="verifyUserRegistration" data-provider="getTestData" finished-at="2023-03-14T08:44:40 IST" duration-ms="3412" status="PASS">
          <params>
            <param index="0">
              <value>
                <![CDATA[Naveen]]>
              </value>
            </param>
            <param index="1">
              <value>
                <![CDATA[Kumar]]>
              </value>
            </param>
            <param index="2">
              <value>
                <![CDATA[naveen4567819@abc.com]]>
              </value>
            </param>
            <param index="3">
              <value>
                <![CDATA[5.656565656E9]]>
              </value>
            </param>
            <param index="4">
              <value>
                <![CDATA[Test@123]]>
              </value>
            </param>
            <param index="5">
              <value>
                <![CDATA[Yes]]>
              </value>
            </param>
          </params>
          <reporter-output>
          </reporter-output>
        </test-method> <!-- verifyUserRegistration -->
        <test-method is-config="true" signature="tearDown()[pri:0, instance:testCases.RegisterPageTests@44d52de2]" started-at="2023-03-14T08:44:40 IST" name="tearDown" finished-at="2023-03-14T08:44:41 IST" duration-ms="720" status="PASS">
          <reporter-output>
          </reporter-output>
        </test-method> <!-- tearDown -->
      </class> <!-- testCases.RegisterPageTests -->
      <class name="testCases.LoginPageTests">
        <test-method is-config="true" signature="doSetUp()[pri:0, instance:testCases.LoginPageTests@21ba0741]" started-at="2023-03-14T08:43:50 IST" name="doSetUp" finished-at="2023-03-14T08:43:58 IST" duration-ms="8269" status="PASS">
          <reporter-output>
          </reporter-output>
        </test-method> <!-- doSetUp -->
        <test-method signature="verifyContinueButton()[pri:0, instance:testCases.LoginPageTests@21ba0741]" started-at="2023-03-14T08:43:58 IST" name="verifyContinueButton" finished-at="2023-03-14T08:44:00 IST" duration-ms="1334" status="PASS">
          <reporter-output>
          </reporter-output>
        </test-method> <!-- verifyContinueButton -->
        <test-method is-config="true" signature="tearDown()[pri:0, instance:testCases.LoginPageTests@21ba0741]" started-at="2023-03-14T08:44:00 IST" name="tearDown" finished-at="2023-03-14T08:44:00 IST" duration-ms="625" status="PASS">
          <reporter-output>
          </reporter-output>
        </test-method> <!-- tearDown -->
        <test-method is-config="true" signature="doSetUp()[pri:0, instance:testCases.LoginPageTests@21ba0741]" started-at="2023-03-14T08:44:00 IST" name="doSetUp" finished-at="2023-03-14T08:44:05 IST" duration-ms="5187" status="PASS">
          <reporter-output>
          </reporter-output>
        </test-method> <!-- doSetUp -->
        <test-method signature="verifyEmailidLabel()[pri:0, instance:testCases.LoginPageTests@21ba0741]" started-at="2023-03-14T08:44:05 IST" name="verifyEmailidLabel" finished-at="2023-03-14T08:44:06 IST" duration-ms="996" status="PASS">
          <reporter-output>
          </reporter-output>
        </test-method> <!-- verifyEmailidLabel -->
        <test-method is-config="true" signature="tearDown()[pri:0, instance:testCases.LoginPageTests@21ba0741]" started-at="2023-03-14T08:44:06 IST" name="tearDown" finished-at="2023-03-14T08:44:07 IST" duration-ms="381" status="PASS">
          <reporter-output>
          </reporter-output>
        </test-method> <!-- tearDown -->
        <test-method is-config="true" signature="doSetUp()[pri:0, instance:testCases.LoginPageTests@21ba0741]" started-at="2023-03-14T08:44:07 IST" name="doSetUp" finished-at="2023-03-14T08:44:12 IST" duration-ms="4961" status="PASS">
          <reporter-output>
          </reporter-output>
        </test-method> <!-- doSetUp -->
        <test-method signature="verifyForgetPasswordLinkExist()[pri:0, instance:testCases.LoginPageTests@21ba0741]" started-at="2023-03-14T08:44:12 IST" name="verifyForgetPasswordLinkExist" finished-at="2023-03-14T08:44:13 IST" duration-ms="1170" status="PASS">
          <reporter-output>
          </reporter-output>
        </test-method> <!-- verifyForgetPasswordLinkExist -->
        <test-method is-config="true" signature="tearDown()[pri:0, instance:testCases.LoginPageTests@21ba0741]" started-at="2023-03-14T08:44:13 IST" name="tearDown" finished-at="2023-03-14T08:44:13 IST" duration-ms="406" status="PASS">
          <reporter-output>
          </reporter-output>
        </test-method> <!-- tearDown -->
        <test-method is-config="true" signature="doSetUp()[pri:0, instance:testCases.LoginPageTests@21ba0741]" started-at="2023-03-14T08:44:13 IST" name="doSetUp" finished-at="2023-03-14T08:44:18 IST" duration-ms="4523" status="PASS">
          <reporter-output>
          </reporter-output>
        </test-method> <!-- doSetUp -->
        <test-method signature="verifyLoginButtonExist()[pri:0, instance:testCases.LoginPageTests@21ba0741]" started-at="2023-03-14T08:44:18 IST" name="verifyLoginButtonExist" finished-at="2023-03-14T08:44:19 IST" duration-ms="1104" status="PASS">
          <reporter-output>
          </reporter-output>
        </test-method> <!-- verifyLoginButtonExist -->
        <test-method is-config="true" signature="tearDown()[pri:0, instance:testCases.LoginPageTests@21ba0741]" started-at="2023-03-14T08:44:19 IST" name="tearDown" finished-at="2023-03-14T08:44:20 IST" duration-ms="602" status="PASS">
          <reporter-output>
          </reporter-output>
        </test-method> <!-- tearDown -->
        <test-method is-config="true" signature="doSetUp()[pri:0, instance:testCases.LoginPageTests@21ba0741]" started-at="2023-03-14T08:44:20 IST" name="doSetUp" finished-at="2023-03-14T08:44:24 IST" duration-ms="3973" status="PASS">
          <reporter-output>
          </reporter-output>
        </test-method> <!-- doSetUp -->
        <test-method signature="verifyLoginPageTitleTest()[pri:0, instance:testCases.LoginPageTests@21ba0741]" started-at="2023-03-14T08:44:24 IST" name="verifyLoginPageTitleTest" finished-at="2023-03-14T08:44:24 IST" duration-ms="598" status="PASS">
          <reporter-output>
          </reporter-output>
        </test-method> <!-- verifyLoginPageTitleTest -->
        <test-method is-config="true" signature="tearDown()[pri:0, instance:testCases.LoginPageTests@21ba0741]" started-at="2023-03-14T08:44:24 IST" name="tearDown" finished-at="2023-03-14T08:44:25 IST" duration-ms="301" status="PASS">
          <reporter-output>
          </reporter-output>
        </test-method> <!-- tearDown -->
        <test-method is-config="true" signature="doSetUp()[pri:0, instance:testCases.LoginPageTests@21ba0741]" started-at="2023-03-14T08:44:25 IST" name="doSetUp" finished-at="2023-03-14T08:44:29 IST" duration-ms="4182" status="PASS">
          <reporter-output>
          </reporter-output>
        </test-method> <!-- doSetUp -->
        <test-method signature="verifyLoginWithValidUsernameAndInvalidPassword()[pri:0, instance:testCases.LoginPageTests@21ba0741]" started-at="2023-03-14T08:44:29 IST" name="verifyLoginWithValidUsernameAndInvalidPassword" finished-at="2023-03-14T08:44:31 IST" duration-ms="1906" status="PASS">
          <reporter-output>
          </reporter-output>
        </test-method> <!-- verifyLoginWithValidUsernameAndInvalidPassword -->
        <test-method is-config="true" signature="tearDown()[pri:0, instance:testCases.LoginPageTests@21ba0741]" started-at="2023-03-14T08:44:31 IST" name="tearDown" finished-at="2023-03-14T08:44:31 IST" duration-ms="332" status="PASS">
          <reporter-output>
          </reporter-output>
        </test-method> <!-- tearDown -->
        <test-method is-config="true" signature="doSetUp()[pri:0, instance:testCases.LoginPageTests@21ba0741]" started-at="2023-03-14T08:44:31 IST" name="doSetUp" finished-at="2023-03-14T08:44:34 IST" duration-ms="3080" status="PASS">
          <reporter-output>
          </reporter-output>
        </test-method> <!-- doSetUp -->
        <test-method signature="verifyNewCustomerHeader()[pri:0, instance:testCases.LoginPageTests@21ba0741]" started-at="2023-03-14T08:44:34 IST" name="verifyNewCustomerHeader" finished-at="2023-03-14T08:44:35 IST" duration-ms="1090" status="PASS">
          <reporter-output>
          </reporter-output>
        </test-method> <!-- verifyNewCustomerHeader -->
        <test-method is-config="true" signature="tearDown()[pri:0, instance:testCases.LoginPageTests@21ba0741]" started-at="2023-03-14T08:44:35 IST" name="tearDown" finished-at="2023-03-14T08:44:35 IST" duration-ms="255" status="PASS">
          <reporter-output>
          </reporter-output>
        </test-method> <!-- tearDown -->
        <test-method is-config="true" signature="doSetUp()[pri:0, instance:testCases.LoginPageTests@21ba0741]" started-at="2023-03-14T08:44:35 IST" name="doSetUp" finished-at="2023-03-14T08:44:38 IST" duration-ms="3086" status="PASS">
          <reporter-output>
          </reporter-output>
        </test-method> <!-- doSetUp -->
        <test-method signature="verifyPasswordLabel()[pri:0, instance:testCases.LoginPageTests@21ba0741]" started-at="2023-03-14T08:44:38 IST" name="verifyPasswordLabel" finished-at="2023-03-14T08:44:39 IST" duration-ms="654" status="PASS">
          <reporter-output>
          </reporter-output>
        </test-method> <!-- verifyPasswordLabel -->
        <test-method is-config="true" signature="tearDown()[pri:0, instance:testCases.LoginPageTests@21ba0741]" started-at="2023-03-14T08:44:39 IST" name="tearDown" finished-at="2023-03-14T08:44:39 IST" duration-ms="288" status="PASS">
          <reporter-output>
          </reporter-output>
        </test-method> <!-- tearDown -->
        <test-method is-config="true" signature="doSetUp()[pri:0, instance:testCases.LoginPageTests@21ba0741]" started-at="2023-03-14T08:44:39 IST" name="doSetUp" finished-at="2023-03-14T08:44:42 IST" duration-ms="2649" status="PASS">
          <reporter-output>
          </reporter-output>
        </test-method> <!-- doSetUp -->
        <test-method signature="verifyReturningCustomerHeader()[pri:0, instance:testCases.LoginPageTests@21ba0741]" started-at="2023-03-14T08:44:42 IST" name="verifyReturningCustomerHeader" finished-at="2023-03-14T08:44:43 IST" duration-ms="605" status="PASS">
          <reporter-output>
          </reporter-output>
        </test-method> <!-- verifyReturningCustomerHeader -->
        <test-method is-config="true" signature="tearDown()[pri:0, instance:testCases.LoginPageTests@21ba0741]" started-at="2023-03-14T08:44:43 IST" name="tearDown" finished-at="2023-03-14T08:44:43 IST" duration-ms="193" status="PASS">
          <reporter-output>
          </reporter-output>
        </test-method> <!-- tearDown -->
        <test-method is-config="true" signature="doSetUp()[pri:0, instance:testCases.LoginPageTests@21ba0741]" started-at="2023-03-14T08:44:43 IST" name="doSetUp" finished-at="2023-03-14T08:44:46 IST" duration-ms="3032" status="PASS">
          <reporter-output>
          </reporter-output>
        </test-method> <!-- doSetUp -->
        <test-method signature="verifySuccesfulLoginWithValidUsernameAndValidPassword()[pri:0, instance:testCases.LoginPageTests@21ba0741]" started-at="2023-03-14T08:44:46 IST" name="verifySuccesfulLoginWithValidUsernameAndValidPassword" finished-at="2023-03-14T08:44:47 IST" duration-ms="1214" status="PASS">
          <reporter-output>
          </reporter-output>
        </test-method> <!-- verifySuccesfulLoginWithValidUsernameAndValidPassword -->
        <test-method is-config="true" signature="tearDown()[pri:0, instance:testCases.LoginPageTests@21ba0741]" started-at="2023-03-14T08:44:47 IST" name="tearDown" finished-at="2023-03-14T08:44:47 IST" duration-ms="180" status="PASS">
          <reporter-output>
          </reporter-output>
        </test-method> <!-- tearDown -->
        <test-method is-config="true" signature="doSetUp()[pri:0, instance:testCases.LoginPageTests@21ba0741]" started-at="2023-03-14T08:44:47 IST" name="doSetUp" finished-at="2023-03-14T08:44:50 IST" duration-ms="2431" status="PASS">
          <reporter-output>
          </reporter-output>
        </test-method> <!-- doSetUp -->
        <test-method signature="verifyUsernameTextBoxExist()[pri:0, instance:testCases.LoginPageTests@21ba0741]" started-at="2023-03-14T08:44:50 IST" name="verifyUsernameTextBoxExist" finished-at="2023-03-14T08:44:50 IST" duration-ms="444" status="PASS">
          <reporter-output>
          </reporter-output>
        </test-method> <!-- verifyUsernameTextBoxExist -->
        <test-method is-config="true" signature="tearDown()[pri:0, instance:testCases.LoginPageTests@21ba0741]" started-at="2023-03-14T08:44:50 IST" name="tearDown" finished-at="2023-03-14T08:44:50 IST" duration-ms="223" status="PASS">
          <reporter-output>
          </reporter-output>
        </test-method> <!-- tearDown -->
        <test-method is-config="true" signature="doSetUp()[pri:0, instance:testCases.LoginPageTests@21ba0741]" started-at="2023-03-14T08:44:50 IST" name="doSetUp" finished-at="2023-03-14T08:44:53 IST" duration-ms="2501" status="PASS">
          <reporter-output>
          </reporter-output>
        </test-method> <!-- doSetUp -->
        <test-method signature="verifypasswordTextBoxExist()[pri:0, instance:testCases.LoginPageTests@21ba0741]" started-at="2023-03-14T08:44:53 IST" name="verifypasswordTextBoxExist" finished-at="2023-03-14T08:44:53 IST" duration-ms="598" status="PASS">
          <reporter-output>
          </reporter-output>
        </test-method> <!-- verifypasswordTextBoxExist -->
        <test-method is-config="true" signature="tearDown()[pri:0, instance:testCases.LoginPageTests@21ba0741]" started-at="2023-03-14T08:44:53 IST" name="tearDown" finished-at="2023-03-14T08:44:54 IST" duration-ms="328" status="PASS">
          <reporter-output>
          </reporter-output>
        </test-method> <!-- tearDown -->
      </class> <!-- testCases.LoginPageTests -->
    </test> <!-- HomeLoginAndRegisterTests -->
  </suite> <!-- Regression test -->
</testng-results>
