<?xml version="1.0" encoding="UTF-8"?>
<testng-results ignored="11" total="12" passed="1" failed="0" skipped="0">
  <reporter-output>
  </reporter-output>
  <suite started-at="2023-03-08T08:58:52 IST" name="Default suite" finished-at="2023-03-08T08:58:57 IST" duration-ms="4442">
    <groups>
    </groups>
    <test started-at="2023-03-08T08:58:52 IST" name="Default test" finished-at="2023-03-08T08:58:57 IST" duration-ms="4442">
      <class name="testCases.LoginPageTests">
        <test-method is-config="true" signature="doSetUp()[pri:0, instance:testCases.LoginPageTests@247d8ae]" started-at="2023-03-08T08:58:52 IST" name="doSetUp" finished-at="2023-03-08T08:58:55 IST" duration-ms="3012" status="PASS">
          <reporter-output>
          </reporter-output>
        </test-method> <!-- doSetUp -->
        <test-method signature="verifyLoginWithValidUsernameAndInvalidPassword()[pri:0, instance:testCases.LoginPageTests@247d8ae]" started-at="2023-03-08T08:58:55 IST" name="verifyLoginWithValidUsernameAndInvalidPassword" finished-at="2023-03-08T08:58:56 IST" duration-ms="1128" status="PASS">
          <reporter-output>
          </reporter-output>
        </test-method> <!-- verifyLoginWithValidUsernameAndInvalidPassword -->
        <test-method is-config="true" signature="tearDown()[pri:0, instance:testCases.LoginPageTests@247d8ae]" started-at="2023-03-08T08:58:56 IST" name="tearDown" finished-at="2023-03-08T08:58:57 IST" duration-ms="271" status="PASS">
          <reporter-output>
          </reporter-output>
        </test-method> <!-- tearDown -->
      </class> <!-- testCases.LoginPageTests -->
    </test> <!-- Default test -->
  </suite> <!-- Default suite -->
</testng-results>
