<?xml version="1.0" encoding="UTF-8"?>
<!-- Generated by org.testng.reporters.JUnitXMLReporter -->
<testsuite ignored="0" hostname="LAPTOP-OITAHU7F" failures="0" tests="24" name="HomeLoginAndRegisterTests" time="63.766" errors="0" timestamp="2023-03-14T08:44:54 IST">
  <testcase classname="testCases.HomePageTests" name="verifyIsLoginOptionDisplay" time="0.561"/>
  <testcase classname="testCases.RegisterPageTests" name="verifyRegisterPageHeaderExist" time="1.33"/>
  <testcase classname="testCases.LoginPageTests" name="verifyContinueButton" time="1.334"/>
  <testcase classname="testCases.HomePageTests" name="verifyIsMyaAccountDisplayed" time="0.422"/>
  <testcase classname="testCases.LoginPageTests" name="verifyEmailidLabel" time="0.996"/>
  <testcase classname="testCases.RegisterPageTests" name="verifyRegisterPageHeaderText" time="1.383"/>
  <testcase classname="testCases.HomePageTests" name="verifyPageTitleTest" time="0.04"/>
  <testcase classname="testCases.RegisterPageTests" name="verifyRegisterPageTitle" time="1.215"/>
  <testcase classname="testCases.LoginPageTests" name="verifyForgetPasswordLinkExist" time="1.17"/>
  <testcase classname="testCases.HomePageTests" name="verifyRegisterOptionIsDisplay" time="0.49"/>
  <testcase classname="testCases.LoginPageTests" name="verifyLoginButtonExist" time="1.104"/>
  <testcase classname="testCases.HomePageTests" name="verifySearchBoxIsDisplay" time="0.104"/>
  <testcase classname="testCases.LoginPageTests" name="verifyLoginPageTitleTest" time="0.598"/>
  <testcase classname="testCases.RegisterPageTests" name="verifyUserRegistration" time="4.823"/>
  <testcase classname="testCases.HomePageTests" name="verifySearchButtonIsDisplayed" time="0.218"/>
  <testcase classname="testCases.LoginPageTests" name="verifyLoginWithValidUsernameAndInvalidPassword" time="1.906"/>
  <testcase classname="testCases.RegisterPageTests" name="verifyUserRegistration" time="3.623"/>
  <testcase classname="testCases.LoginPageTests" name="verifyNewCustomerHeader" time="1.09"/>
  <testcase classname="testCases.LoginPageTests" name="verifyPasswordLabel" time="0.654"/>
  <testcase classname="testCases.RegisterPageTests" name="verifyUserRegistration" time="3.412"/>
  <testcase classname="testCases.LoginPageTests" name="verifyReturningCustomerHeader" time="0.605"/>
  <testcase classname="testCases.LoginPageTests" name="verifySuccesfulLoginWithValidUsernameAndValidPassword" time="1.214"/>
  <testcase classname="testCases.LoginPageTests" name="verifyUsernameTextBoxExist" time="0.444"/>
  <testcase classname="testCases.LoginPageTests" name="verifypasswordTextBoxExist" time="0.598"/>
</testsuite> <!-- HomeLoginAndRegisterTests -->
